Using pre-set license
Built from '2020.2/staging' branch; Version is '2020.2.5f1 (e2c53f129de5) revision 14861631'; Using compiler version '192528614'; Build Type 'Release'
OS: 'Windows 10 Pro; OS build 19042.985; Version 2009; 64bit' Language: 'en' Physical Memory: 6091 MB
BatchMode: 1, IsHumanControllingUs: 0, StartBugReporterOnCrash: 0, Is64bit: 1, IsPro: 0

 COMMAND LINE ARGUMENTS:
C:\Program Files\Unity\Hub\Editor\2020.2.5f1\Editor\Unity.exe
-adb2
-batchMode
-noUpm
-name
AssetImportWorker0
-projectPath
C:/Users/Hasib Ibrahimi/Documents/GitHub/Minesweeper/Minesweeper
-logFile
Logs/AssetImportWorker0.log
-srvPort
65151
Successfully changed project path to: C:/Users/Hasib Ibrahimi/Documents/GitHub/Minesweeper/Minesweeper
C:/Users/Hasib Ibrahimi/Documents/GitHub/Minesweeper/Minesweeper
Using Asset Import Pipeline V2.
Refreshing native plugins compatible for Editor in 29.40 ms, found 0 plugins.
Preloading 0 native plugins for Editor in 0.00 ms.
Initialize engine version: 2020.2.5f1 (e2c53f129de5)
[Subsystems] Discovering subsystems at path C:/Program Files/Unity/Hub/Editor/2020.2.5f1/Editor/Data/Resources/UnitySubsystems
[Subsystems] Discovering subsystems at path C:/Users/Hasib Ibrahimi/Documents/GitHub/Minesweeper/Minesweeper/Assets
GfxDevice: creating device client; threaded=0
Direct3D:
    Version:  Direct3D 11.0 [level 11.1]
    Renderer: AMD Radeon(TM) Vega 8 Graphics (ID=0x15d8)
    Vendor:   
    VRAM:     3045 MB
    Driver:   27.20.11044.5003
Initialize mono
Mono path[0] = 'C:/Program Files/Unity/Hub/Editor/2020.2.5f1/Editor/Data/Managed'
Mono path[1] = 'C:/Program Files/Unity/Hub/Editor/2020.2.5f1/Editor/Data/MonoBleedingEdge/lib/mono/unityjit'
Mono config path = 'C:/Program Files/Unity/Hub/Editor/2020.2.5f1/Editor/Data/MonoBleedingEdge/etc'
Using monoOptions --debugger-agent=transport=dt_socket,embedding=1,server=y,suspend=n,address=127.0.0.1:56508
Begin MonoManager ReloadAssembly
Registering precompiled unity dll's ...
Register platform support module: C:/Program Files/Unity/Hub/Editor/2020.2.5f1/Editor/Data/PlaybackEngines/WindowsStandaloneSupport/UnityEditor.WindowsStandalone.Extensions.dll
Registered in 0.002757 seconds.
Native extension for WindowsStandalone target not found
Refreshing native plugins compatible for Editor in 27.11 ms, found 0 plugins.
Preloading 0 native plugins for Editor in 0.00 ms.
Invoked RoslynAnalysisRunner static constructor.
RoslynAnalysisRunner will not be running.
RoslynAnalysisRunner has terminated.
Mono: successfully reloaded assembly
- Completed reload, in  1.648 seconds
Platform modules already initialized, skipping
Registering precompiled user dll's ...
Registered in 0.000932 seconds.
Begin MonoManager ReloadAssembly
Native extension for WindowsStandalone target not found
Refreshing native plugins compatible for Editor in 0.26 ms, found 0 plugins.
Preloading 0 native plugins for Editor in 0.00 ms.
Invoked RoslynAnalysisRunner static constructor.
RoslynAnalysisRunner will not be running.
RoslynAnalysisRunner has terminated.
Mono: successfully reloaded assembly
- Completed reload, in  1.261 seconds
Platform modules already initialized, skipping
========================================================================
Worker process is ready to serve import requests
Launched and connected shader compiler UnityShaderCompiler.exe after 0.08 seconds
Refreshing native plugins compatible for Editor in 0.27 ms, found 0 plugins.
Preloading 0 native plugins for Editor in 0.00 ms.
Unloading 1105 Unused Serialized files (Serialized files now loaded: 0)
System memory in use before: 57.0 MB.
System memory in use after: 57.0 MB.

Unloading 10 unused Assets to reduce memory usage. Loaded Objects now: 1547.
Total: 3.280800 ms (FindLiveObjects: 0.278400 ms CreateObjectMapping: 0.079600 ms MarkObjects: 2.770700 ms  DeleteObjects: 0.149900 ms)

========================================================================
Received Import Request.
  path: Assets/SingleBlockScript.cs
  artifactKey: Guid(b109bd9ca01c93940a79c31975b375ad) Importer(815301076,1909f56bfc062723c751e8b465ee728b)
Start importing Assets/SingleBlockScript.cs using Guid(b109bd9ca01c93940a79c31975b375ad) Importer(815301076,1909f56bfc062723c751e8b465ee728b)  -> (artifact id: '4c699a8c7f83ed0c910f2c25dc02a05b') in 0.047388 seconds
  Import took 0.050084 seconds .

========================================================================
Received Prepare
Registering precompiled user dll's ...
Registered in 0.000848 seconds.
Begin MonoManager ReloadAssembly
Native extension for WindowsStandalone target not found
Refreshing native plugins compatible for Editor in 0.25 ms, found 0 plugins.
Preloading 0 native plugins for Editor in 0.00 ms.
Invoked RoslynAnalysisRunner static constructor.
RoslynAnalysisRunner will not be running.
RoslynAnalysisRunner has terminated.
Mono: successfully reloaded assembly
- Completed reload, in  1.033 seconds
Platform modules already initialized, skipping
Refreshing native plugins compatible for Editor in 0.24 ms, found 0 plugins.
Preloading 0 native plugins for Editor in 0.00 ms.
Unloading 1100 Unused Serialized files (Serialized files now loaded: 0)
System memory in use before: 56.9 MB.
System memory in use after: 57.0 MB.

Unloading 5 unused Assets to reduce memory usage. Loaded Objects now: 1549.
Total: 2.882000 ms (FindLiveObjects: 0.240600 ms CreateObjectMapping: 0.045400 ms MarkObjects: 2.500300 ms  DeleteObjects: 0.093600 ms)

========================================================================
Received Prepare
Registering precompiled user dll's ...
Registered in 0.001992 seconds.
Begin MonoManager ReloadAssembly
Native extension for WindowsStandalone target not found
Refreshing native plugins compatible for Editor in 0.44 ms, found 0 plugins.
Preloading 0 native plugins for Editor in 0.00 ms.
Invoked RoslynAnalysisRunner static constructor.
RoslynAnalysisRunner will not be running.
RoslynAnalysisRunner has terminated.
Mono: successfully reloaded assembly
- Completed reload, in  1.333 seconds
Platform modules already initialized, skipping
Refreshing native plugins compatible for Editor in 0.41 ms, found 0 plugins.
Preloading 0 native plugins for Editor in 0.00 ms.
Unloading 1100 Unused Serialized files (Serialized files now loaded: 0)
System memory in use before: 57.0 MB.
System memory in use after: 57.0 MB.

Unloading 5 unused Assets to reduce memory usage. Loaded Objects now: 1551.
Total: 3.458600 ms (FindLiveObjects: 0.223300 ms CreateObjectMapping: 0.040800 ms MarkObjects: 3.102800 ms  DeleteObjects: 0.088800 ms)

========================================================================
Received Prepare
Registering precompiled user dll's ...
Registered in 0.000959 seconds.
Begin MonoManager ReloadAssembly
Native extension for WindowsStandalone target not found
Refreshing native plugins compatible for Editor in 0.25 ms, found 0 plugins.
Preloading 0 native plugins for Editor in 0.00 ms.
Invoked RoslynAnalysisRunner static constructor.
RoslynAnalysisRunner will not be running.
RoslynAnalysisRunner has terminated.
Mono: successfully reloaded assembly
- Completed reload, in  1.194 seconds
Platform modules already initialized, skipping
Refreshing native plugins compatible for Editor in 0.26 ms, found 0 plugins.
Preloading 0 native plugins for Editor in 0.00 ms.
Unloading 1100 Unused Serialized files (Serialized files now loaded: 0)
System memory in use before: 57.0 MB.
System memory in use after: 57.1 MB.

Unloading 5 unused Assets to reduce memory usage. Loaded Objects now: 1553.
Total: 2.448800 ms (FindLiveObjects: 0.227900 ms CreateObjectMapping: 0.043000 ms MarkObjects: 2.095100 ms  DeleteObjects: 0.081000 ms)

========================================================================
Received Import Request.
  Time since last request: 191.677534 seconds.
  path: Assets/SingleBlockScript.cs
  artifactKey: Guid(b109bd9ca01c93940a79c31975b375ad) Importer(815301076,1909f56bfc062723c751e8b465ee728b)
Start importing Assets/SingleBlockScript.cs using Guid(b109bd9ca01c93940a79c31975b375ad) Importer(815301076,1909f56bfc062723c751e8b465ee728b)  -> (artifact id: 'a715e382bbb60c89d0373e642461ad74') in 0.008594 seconds
  Import took 0.011402 seconds .

========================================================================
Received Import Request.
  Time since last request: 0.020438 seconds.
  path: Assets/SingleBlockScript.cs
  artifactKey: Guid(b109bd9ca01c93940a79c31975b375ad) Importer(815301076,1909f56bfc062723c751e8b465ee728b)
Start importing Assets/SingleBlockScript.cs using Guid(b109bd9ca01c93940a79c31975b375ad) Importer(815301076,1909f56bfc062723c751e8b465ee728b)  -> (artifact id: 'a715e382bbb60c89d0373e642461ad74') in 0.003853 seconds
  Import took 0.006254 seconds .

========================================================================
Received Import Request.
  Time since last request: 55.825506 seconds.
  path: Assets/BoardScript.cs
  artifactKey: Guid(fe95b592fb55a7f478ce3309d17f5958) Importer(815301076,1909f56bfc062723c751e8b465ee728b)
Start importing Assets/BoardScript.cs using Guid(fe95b592fb55a7f478ce3309d17f5958) Importer(815301076,1909f56bfc062723c751e8b465ee728b)  -> (artifact id: '4af36916cb5f3a252004a796633dbade') in 0.020069 seconds
  Import took 0.022915 seconds .

========================================================================
Received Import Request.
  Time since last request: 0.004814 seconds.
  path: Assets/BoardScript.cs
  artifactKey: Guid(fe95b592fb55a7f478ce3309d17f5958) Importer(815301076,1909f56bfc062723c751e8b465ee728b)
Start importing Assets/BoardScript.cs using Guid(fe95b592fb55a7f478ce3309d17f5958) Importer(815301076,1909f56bfc062723c751e8b465ee728b)  -> (artifact id: '4af36916cb5f3a252004a796633dbade') in 0.005602 seconds
  Import took 0.008532 seconds .

========================================================================
Received Prepare
Registering precompiled user dll's ...
Registered in 0.001860 seconds.
Begin MonoManager ReloadAssembly
Native extension for WindowsStandalone target not found
Refreshing native plugins compatible for Editor in 0.35 ms, found 0 plugins.
Preloading 0 native plugins for Editor in 0.00 ms.
Invoked RoslynAnalysisRunner static constructor.
RoslynAnalysisRunner will not be running.
RoslynAnalysisRunner has terminated.
Mono: successfully reloaded assembly
- Completed reload, in  1.266 seconds
Platform modules already initialized, skipping
Refreshing native plugins compatible for Editor in 0.37 ms, found 0 plugins.
Preloading 0 native plugins for Editor in 0.00 ms.
Unloading 1100 Unused Serialized files (Serialized files now loaded: 0)
System memory in use before: 57.0 MB.
System memory in use after: 57.1 MB.

Unloading 5 unused Assets to reduce memory usage. Loaded Objects now: 1555.
Total: 3.089200 ms (FindLiveObjects: 0.337300 ms CreateObjectMapping: 0.065400 ms MarkObjects: 2.589700 ms  DeleteObjects: 0.094100 ms)

========================================================================
Received Prepare
Registering precompiled user dll's ...
Registered in 0.000940 seconds.
Begin MonoManager ReloadAssembly
Native extension for WindowsStandalone target not found
Refreshing native plugins compatible for Editor in 0.25 ms, found 0 plugins.
Preloading 0 native plugins for Editor in 0.00 ms.
Invoked RoslynAnalysisRunner static constructor.
RoslynAnalysisRunner will not be running.
RoslynAnalysisRunner has terminated.
Mono: successfully reloaded assembly
- Completed reload, in  1.248 seconds
Platform modules already initialized, skipping
Refreshing native plugins compatible for Editor in 0.28 ms, found 0 plugins.
Preloading 0 native plugins for Editor in 0.00 ms.
Unloading 1100 Unused Serialized files (Serialized files now loaded: 0)
System memory in use before: 57.0 MB.
System memory in use after: 57.1 MB.

Unloading 5 unused Assets to reduce memory usage. Loaded Objects now: 1557.
Total: 2.544700 ms (FindLiveObjects: 0.357500 ms CreateObjectMapping: 0.067200 ms MarkObjects: 2.035700 ms  DeleteObjects: 0.081500 ms)

========================================================================
Received Import Request.
  Time since last request: 41.740798 seconds.
  path: Assets/BoardScript.cs
  artifactKey: Guid(fe95b592fb55a7f478ce3309d17f5958) Importer(815301076,1909f56bfc062723c751e8b465ee728b)
Start importing Assets/BoardScript.cs using Guid(fe95b592fb55a7f478ce3309d17f5958) Importer(815301076,1909f56bfc062723c751e8b465ee728b)  -> (artifact id: '4731986ce46fe8795ead05492015b966') in 0.006896 seconds
  Import took 0.009670 seconds .

========================================================================
Received Prepare
Registering precompiled user dll's ...
Registered in 0.001210 seconds.
Begin MonoManager ReloadAssembly
Native extension for WindowsStandalone target not found
Refreshing native plugins compatible for Editor in 0.32 ms, found 0 plugins.
Preloading 0 native plugins for Editor in 0.00 ms.
Invoked RoslynAnalysisRunner static constructor.
RoslynAnalysisRunner will not be running.
RoslynAnalysisRunner has terminated.
Mono: successfully reloaded assembly
- Completed reload, in  1.040 seconds
Platform modules already initialized, skipping
Refreshing native plugins compatible for Editor in 0.24 ms, found 0 plugins.
Preloading 0 native plugins for Editor in 0.00 ms.
Unloading 1100 Unused Serialized files (Serialized files now loaded: 0)
System memory in use before: 57.0 MB.
System memory in use after: 57.1 MB.

Unloading 5 unused Assets to reduce memory usage. Loaded Objects now: 1559.
Total: 2.273600 ms (FindLiveObjects: 0.188300 ms CreateObjectMapping: 0.035300 ms MarkObjects: 1.966600 ms  DeleteObjects: 0.081800 ms)

AssetImportWorkerClient::OnTransportError - code=2 error=End of file
